<?xml version="1.0" encoding="UTF-8"?>
<!-- Generated by org.testng.reporters.JUnitReportReporter -->
<testsuite hostname="DESKTOP-TIC5DM4" failures="0" tests="10" name="testrunner.TestRunner" time="4.399" errors="0" timestamp="2024-09-05T13:24:36 IST" skipped="0">
  <testcase classname="testrunner.TestRunner" name="runScenario" time="3.069"/>
  <system-out/>
  <testcase classname="testrunner.TestRunner" name="runScenario" time="0.827"/>
  <system-out/>
  <testcase classname="testrunner.TestRunner" name="runScenario" time="0.095"/>
  <system-out/>
  <testcase classname="testrunner.TestRunner" name="runScenario" time="0.041"/>
  <system-out/>
  <testcase classname="testrunner.TestRunner" name="runScenario" time="0.063"/>
  <system-out/>
  <testcase classname="testrunner.TestRunner" name="runScenario" time="0.076"/>
  <system-out/>
  <testcase classname="testrunner.TestRunner" name="runScenario" time="0.042"/>
  <system-out/>
  <testcase classname="testrunner.TestRunner" name="runScenario" time="0.079"/>
  <system-out/>
  <testcase classname="testrunner.TestRunner" name="runScenario" time="0.051"/>
  <system-out/>
  <testcase classname="testrunner.TestRunner" name="runScenario" time="0.056"/>
  <system-out/>
</testsuite> <!-- testrunner.TestRunner -->
